[     720ms] TagError: adsbygoogle.push() error: No slot size for availableWidth=0
    at gp (https://pagead2.googlesyndication.com/pagead/js/adsbygoogle.js?client=ca-pub-2486912467787383:164:314)
    at fp (https://pagead2.googlesyndication.com/pagead/js/adsbygoogle.js?client=ca-pub-2486912467787383:163:133)
    at np (https://pagead2.googlesyndication.com/pagead/js/adsbygoogle.js?client=ca-pub-2486912467787383:167:172)
    at vp (https://pagead2.googlesyndication.com/pagead/js/adsbygoogle.js?client=ca-pub-2486912467787383:184:15)
    at xp (https://pagead2.googlesyndication.com/pagead/js/adsbygoogle.js?client=ca-pub-2486912467787383:185:321)
    at Or (https://pagead2.googlesyndication.com/pagead/js/adsbygoogle.js?client=ca-pub-2486912467787383:235:141)
    at Jr.g.client (https://pagead2.googlesyndication.com/pagead/js/adsbygoogle.js?client=ca-pub-2486912467787383:225:45)
    at nk.g (https://pagead2.googlesyndication.com/pagead/js/adsbygoogle.js?client=ca-pub-2486912467787383:82:545)
    at uk (https://pagead2.googlesyndication.com/pagead/js/adsbygoogle.js?client=ca-pub-2486912467787383:83:706)
    at Jr (https://pagead2.googlesyndication.com/pagead/js/adsbygoogle.js?client=ca-pub-2486912467787383:225:33)
[     721ms] TagError: adsbygoogle.push() error: No slot size for availableWidth=0
    at gp (https://pagead2.googlesyndication.com/pagead/js/adsbygoogle.js?client=ca-pub-2486912467787383:164:314)
    at fp (https://pagead2.googlesyndication.com/pagead/js/adsbygoogle.js?client=ca-pub-2486912467787383:163:133)
    at np (https://pagead2.googlesyndication.com/pagead/js/adsbygoogle.js?client=ca-pub-2486912467787383:167:172)
    at vp (https://pagead2.googlesyndication.com/pagead/js/adsbygoogle.js?client=ca-pub-2486912467787383:184:15)
    at xp (https://pagead2.googlesyndication.com/pagead/js/adsbygoogle.js?client=ca-pub-2486912467787383:185:321)
    at Or (https://pagead2.googlesyndication.com/pagead/js/adsbygoogle.js?client=ca-pub-2486912467787383:235:141)
    at Jr.g.client (https://pagead2.googlesyndication.com/pagead/js/adsbygoogle.js?client=ca-pub-2486912467787383:225:45)
    at nk.g (https://pagead2.googlesyndication.com/pagead/js/adsbygoogle.js?client=ca-pub-2486912467787383:82:545)
    at uk (https://pagead2.googlesyndication.com/pagead/js/adsbygoogle.js?client=ca-pub-2486912467787383:83:706)
    at Jr (https://pagead2.googlesyndication.com/pagead/js/adsbygoogle.js?client=ca-pub-2486912467787383:225:33)
[    5533ms] [WARNING] The resource https://noteblock.world/_next/static/css/7bdcbec81d1d96d5.css was preloaded using link preload but not used within a few seconds from the window's load event. Please make sure it has an appropriate `as` value and it is preloaded intentionally. @ https://noteblock.world/song/4ofMXwCFoI:0
[    5533ms] [WARNING] The resource https://noteblock.world/_next/static/css/b8b33721629b2842.css was preloaded using link preload but not used within a few seconds from the window's load event. Please make sure it has an appropriate `as` value and it is preloaded intentionally. @ https://noteblock.world/song/4ofMXwCFoI:0
[    8766ms] [WARNING] The resource https://noteblock.world/_next/static/css/7bdcbec81d1d96d5.css was preloaded using link preload but not used within a few seconds from the window's load event. Please make sure it has an appropriate `as` value and it is preloaded intentionally. @ https://noteblock.world/song/4ofMXwCFoI:0
[    8766ms] [WARNING] The resource https://noteblock.world/_next/static/css/b8b33721629b2842.css was preloaded using link preload but not used within a few seconds from the window's load event. Please make sure it has an appropriate `as` value and it is preloaded intentionally. @ https://noteblock.world/song/4ofMXwCFoI:0
[   12038ms] [WARNING] The resource https://noteblock.world/_next/static/css/7bdcbec81d1d96d5.css was preloaded using link preload but not used within a few seconds from the window's load event. Please make sure it has an appropriate `as` value and it is preloaded intentionally. @ https://noteblock.world/song/4ofMXwCFoI:0
[   12038ms] [WARNING] The resource https://noteblock.world/_next/static/css/b8b33721629b2842.css was preloaded using link preload but not used within a few seconds from the window's load event. Please make sure it has an appropriate `as` value and it is preloaded intentionally. @ https://noteblock.world/song/4ofMXwCFoI:0
[   80138ms] [WARNING] The resource https://noteblock.world/_next/static/css/7bdcbec81d1d96d5.css was preloaded using link preload but not used within a few seconds from the window's load event. Please make sure it has an appropriate `as` value and it is preloaded intentionally. @ https://noteblock.world/song/4ofMXwCFoI:0
[   80138ms] [WARNING] The resource https://noteblock.world/_next/static/css/b8b33721629b2842.css was preloaded using link preload but not used within a few seconds from the window's load event. Please make sure it has an appropriate `as` value and it is preloaded intentionally. @ https://noteblock.world/song/4ofMXwCFoI:0
[  148181ms] [WARNING] The resource https://noteblock.world/_next/static/css/7bdcbec81d1d96d5.css was preloaded using link preload but not used within a few seconds from the window's load event. Please make sure it has an appropriate `as` value and it is preloaded intentionally. @ https://noteblock.world/song/4ofMXwCFoI:0
[  148181ms] [WARNING] The resource https://noteblock.world/_next/static/css/b8b33721629b2842.css was preloaded using link preload but not used within a few seconds from the window's load event. Please make sure it has an appropriate `as` value and it is preloaded intentionally. @ https://noteblock.world/song/4ofMXwCFoI:0
[  216273ms] [WARNING] The resource https://noteblock.world/_next/static/css/7bdcbec81d1d96d5.css was preloaded using link preload but not used within a few seconds from the window's load event. Please make sure it has an appropriate `as` value and it is preloaded intentionally. @ https://noteblock.world/song/4ofMXwCFoI:0
[  216273ms] [WARNING] The resource https://noteblock.world/_next/static/css/b8b33721629b2842.css was preloaded using link preload but not used within a few seconds from the window's load event. Please make sure it has an appropriate `as` value and it is preloaded intentionally. @ https://noteblock.world/song/4ofMXwCFoI:0
[  284278ms] [WARNING] The resource https://noteblock.world/_next/static/css/7bdcbec81d1d96d5.css was preloaded using link preload but not used within a few seconds from the window's load event. Please make sure it has an appropriate `as` value and it is preloaded intentionally. @ https://noteblock.world/song/4ofMXwCFoI:0
[  284278ms] [WARNING] The resource https://noteblock.world/_next/static/css/b8b33721629b2842.css was preloaded using link preload but not used within a few seconds from the window's load event. Please make sure it has an appropriate `as` value and it is preloaded intentionally. @ https://noteblock.world/song/4ofMXwCFoI:0
[  352332ms] [WARNING] The resource https://noteblock.world/_next/static/css/7bdcbec81d1d96d5.css was preloaded using link preload but not used within a few seconds from the window's load event. Please make sure it has an appropriate `as` value and it is preloaded intentionally. @ https://noteblock.world/song/4ofMXwCFoI:0
[  352332ms] [WARNING] The resource https://noteblock.world/_next/static/css/b8b33721629b2842.css was preloaded using link preload but not used within a few seconds from the window's load event. Please make sure it has an appropriate `as` value and it is preloaded intentionally. @ https://noteblock.world/song/4ofMXwCFoI:0
[  420425ms] [WARNING] The resource https://noteblock.world/_next/static/css/7bdcbec81d1d96d5.css was preloaded using link preload but not used within a few seconds from the window's load event. Please make sure it has an appropriate `as` value and it is preloaded intentionally. @ https://noteblock.world/song/4ofMXwCFoI:0
[  420425ms] [WARNING] The resource https://noteblock.world/_next/static/css/b8b33721629b2842.css was preloaded using link preload but not used within a few seconds from the window's load event. Please make sure it has an appropriate `as` value and it is preloaded intentionally. @ https://noteblock.world/song/4ofMXwCFoI:0
[  488446ms] [WARNING] The resource https://noteblock.world/_next/static/css/7bdcbec81d1d96d5.css was preloaded using link preload but not used within a few seconds from the window's load event. Please make sure it has an appropriate `as` value and it is preloaded intentionally. @ https://noteblock.world/song/4ofMXwCFoI:0
[  488446ms] [WARNING] The resource https://noteblock.world/_next/static/css/b8b33721629b2842.css was preloaded using link preload but not used within a few seconds from the window's load event. Please make sure it has an appropriate `as` value and it is preloaded intentionally. @ https://noteblock.world/song/4ofMXwCFoI:0
[  555854ms] [WARNING] The resource https://noteblock.world/_next/static/css/7bdcbec81d1d96d5.css was preloaded using link preload but not used within a few seconds from the window's load event. Please make sure it has an appropriate `as` value and it is preloaded intentionally. @ https://noteblock.world/song/4ofMXwCFoI:0
[  555854ms] [WARNING] The resource https://noteblock.world/_next/static/css/b8b33721629b2842.css was preloaded using link preload but not used within a few seconds from the window's load event. Please make sure it has an appropriate `as` value and it is preloaded intentionally. @ https://noteblock.world/song/4ofMXwCFoI:0
[  569565ms] [WARNING] The resource https://noteblock.world/_next/static/css/7bdcbec81d1d96d5.css was preloaded using link preload but not used within a few seconds from the window's load event. Please make sure it has an appropriate `as` value and it is preloaded intentionally. @ https://noteblock.world/song/4ofMXwCFoI:0
[  569565ms] [WARNING] The resource https://noteblock.world/_next/static/css/b8b33721629b2842.css was preloaded using link preload but not used within a few seconds from the window's load event. Please make sure it has an appropriate `as` value and it is preloaded intentionally. @ https://noteblock.world/song/4ofMXwCFoI:0
